Assuming unrestricted shared filesystem usage.
host: DESKTOP-VPSEKSF
Building DAG of jobs...
Using shell: /usr/bin/bash
Provided cores: 1 (use --cores to define parallelism)
Rules claiming more threads will be scaled down.
Job stats:
job                    count
-------------------  -------
codon_bias_analysis        1
total                      1

Select jobs to execute...
Execute 1 jobs...
[Tue Feb 24 17:44:24 2026]
localrule codon_bias_analysis:
    input: results/all_cds.fasta
    output: results/gene_metrics.tsv, results/wright_plot.pdf
    jobid: 0
    reason: Missing output files: results/wright_plot.pdf
    resources: tmpdir=/tmp
Activating conda environment: bio-r
[Tue Feb 24 17:44:32 2026]
Finished jobid: 0 (Rule: codon_bias_analysis)
1 of 1 steps (100%) done
Complete log(s): /home/anirudh/codon_optimization/.snakemake/log/2026-02-24T174424.633455.snakemake.log
