Assuming unrestricted shared filesystem usage.
host: DESKTOP-VPSEKSF
Building DAG of jobs...
Using shell: /usr/bin/bash
Provided cores: 1 (use --cores to define parallelism)
Rules claiming more threads will be scaled down.
Job stats:
job                    count
-------------------  -------
codon_bias_analysis        1
total                      1

Select jobs to execute...
Execute 1 jobs...
[Tue Feb 24 17:41:30 2026]
localrule codon_bias_analysis:
    input: results/all_cds.fasta
    output: results/gene_metrics.tsv, results/wright_plot.pdf
    jobid: 0
    reason: Missing output files: results/wright_plot.pdf
    resources: tmpdir=/tmp
Activating conda environment: bio-r
RuleException:
CalledProcessError in file "/home/anirudh/codon_optimization/Snakefile", line 42:
Command 'source /root/miniconda3/bin/activate 'bio-r'; set -euo pipefail;  Rscript --vanilla /home/anirudh/codon_optimization/.snakemake/scripts/tmpz0wpoome.codon_bias_analysis.R' returned non-zero exit status 1.
[Tue Feb 24 17:41:34 2026]
Error in rule codon_bias_analysis:
    message: None
    jobid: 0
    input: results/all_cds.fasta
    output: results/gene_metrics.tsv, results/wright_plot.pdf
    conda-env: bio-r
Shutting down, this might take some time.
Exiting because a job execution failed. Look below for error messages
[Tue Feb 24 17:41:35 2026]
Error in rule codon_bias_analysis:
    message: None
    jobid: 0
    input: results/all_cds.fasta
    output: results/gene_metrics.tsv, results/wright_plot.pdf
    conda-env: bio-r
Complete log(s): /home/anirudh/codon_optimization/.snakemake/log/2026-02-24T174130.902609.snakemake.log
WorkflowError:
At least one job did not complete successfully.
