Assuming unrestricted shared filesystem usage.
host: DESKTOP-VPSEKSF
Building DAG of jobs...
Using shell: /usr/bin/bash
Provided cores: 1 (use --cores to define parallelism)
Rules claiming more threads will be scaled down.
Job stats:
job                    count
-------------------  -------
all                        1
build_cai_model            1
codon_bias_analysis        1
evaluate_native            1
extract_cds                1
final_report               1
fungal_filter              1
ga_optimize                1
total                      8

Select jobs to execute...
Execute 1 jobs...
[Tue Feb 24 20:09:38 2026]
localrule extract_cds:
    input: data/GCF_000721785.1_Aureobasidium_pullulans_var._pullulans_EXF-150_assembly_version_1.0_genomic.fna, data/GCF_000721785.1_Aureobasidium_pullulans_var._pullulans_EXF-150_assembly_version_1.0_genomic.gff
    output: results/all_cds.fasta
    jobid: 4
    reason: Missing output files: results/all_cds.fasta; Software environment definition has changed since last execution
    resources: tmpdir=/tmp
Activating conda environment: esmfold_compat
Activating conda environment: esmfold_compat
[Tue Feb 24 20:09:41 2026]
Finished jobid: 4 (Rule: extract_cds)
1 of 8 steps (12%) done
Select jobs to execute...
Execute 2 jobs...
[Tue Feb 24 20:09:41 2026]
localrule build_cai_model:
    input: results/all_cds.fasta, results/ribosomal_ids.txt
    output: results/codon_weights.json
    jobid: 3
    reason: Input files updated by another job: results/all_cds.fasta
    resources: tmpdir=/tmp
[Tue Feb 24 20:09:41 2026]
localrule codon_bias_analysis:
    input: results/all_cds.fasta
    output: results/gene_metrics.tsv, results/wright_plot.pdf
    jobid: 8
    reason: Input files updated by another job: results/all_cds.fasta
    resources: tmpdir=/tmp
Activating conda environment: esmfold_compat
Activating conda environment: bio-r
Activating conda environment: esmfold_compat
[Tue Feb 24 20:09:42 2026]
Finished jobid: 3 (Rule: build_cai_model)
2 of 8 steps (25%) done
Select jobs to execute...
Execute 1 jobs...
[Tue Feb 24 20:09:42 2026]
localrule evaluate_native:
    input: data/alfa_nb_linker_mscarlet.fasta, results/codon_weights.json
    output: results/native_metrics.tsv
    jobid: 2
    reason: Missing output files: results/native_metrics.tsv; Input files updated by another job: results/codon_weights.json
    resources: tmpdir=/tmp
RuleException:
FileNotFoundError in file "/home/anirudh/codon_optimization/Snakefile", line 77:
[Errno 2] No such file or directory: '/home/anirudh/codon_optimization/scripts/evaluate_construct.py'
[Tue Feb 24 20:09:42 2026]
Error in rule evaluate_native:
    message: None
    jobid: 2
    input: data/alfa_nb_linker_mscarlet.fasta, results/codon_weights.json
    output: results/native_metrics.tsv
[Tue Feb 24 20:09:48 2026]
Finished jobid: 8 (Rule: codon_bias_analysis)
3 of 8 steps (38%) done
Shutting down, this might take some time.
Exiting because a job execution failed. Look below for error messages
[Tue Feb 24 20:09:48 2026]
Error in rule evaluate_native:
    message: None
    jobid: 2
    input: data/alfa_nb_linker_mscarlet.fasta, results/codon_weights.json
    output: results/native_metrics.tsv
Complete log(s): /home/anirudh/codon_optimization/.snakemake/log/2026-02-24T200938.896623.snakemake.log
WorkflowError:
At least one job did not complete successfully.
