Assuming unrestricted shared filesystem usage.
host: DESKTOP-VPSEKSF
Building DAG of jobs...
Using shell: /usr/bin/bash
Provided cores: 1 (use --cores to define parallelism)
Rules claiming more threads will be scaled down.
Job stats:
job                count
---------------  -------
build_cai_model        1
total                  1

Select jobs to execute...
Execute 1 jobs...
[Tue Feb 24 17:51:13 2026]
localrule build_cai_model:
    input: results/all_cds.fasta, results/ribosomal_ids.txt
    output: results/codon_weights.json
    jobid: 0
    reason: Missing output files: results/codon_weights.json
    resources: tmpdir=/tmp
Activating conda environment: esmfold_compat
Activating conda environment: esmfold_compat
[Tue Feb 24 17:51:16 2026]
Finished jobid: 0 (Rule: build_cai_model)
1 of 1 steps (100%) done
Complete log(s): /home/anirudh/codon_optimization/.snakemake/log/2026-02-24T175113.763993.snakemake.log
