Assuming unrestricted shared filesystem usage.
host: DESKTOP-VPSEKSF
Building DAG of jobs...
Using shell: /usr/bin/bash
Provided cores: 1 (use --cores to define parallelism)
Rules claiming more threads will be scaled down.
Conda environments: ignored
Job stats:
job                    count
-------------------  -------
all                        1
build_cai_model            1
codon_bias_analysis        1
evaluate_native            1
extract_cds                1
final_report               1
fungal_filter              1
ga_optimize                1
total                      8

Select jobs to execute...
Execute 1 jobs...
[Tue Feb 24 20:09:06 2026]
localrule extract_cds:
    input: data/GCF_000721785.1_Aureobasidium_pullulans_var._pullulans_EXF-150_assembly_version_1.0_genomic.fna, data/GCF_000721785.1_Aureobasidium_pullulans_var._pullulans_EXF-150_assembly_version_1.0_genomic.gff
    output: results/all_cds.fasta
    jobid: 4
    reason: Software environment definition has changed since last execution
    resources: tmpdir=/tmp
RuleException:
CalledProcessError in file "/home/anirudh/codon_optimization/Snakefile", line 31:
Command 'set -euo pipefail;  /root/miniconda3/envs/snakemake/bin/python3.13 /home/anirudh/codon_optimization/.snakemake/scripts/tmp8pgp2bhs.extract_cds.py' returned non-zero exit status 1.
[Tue Feb 24 20:09:06 2026]
Error in rule extract_cds:
    message: None
    jobid: 4
    input: data/GCF_000721785.1_Aureobasidium_pullulans_var._pullulans_EXF-150_assembly_version_1.0_genomic.fna, data/GCF_000721785.1_Aureobasidium_pullulans_var._pullulans_EXF-150_assembly_version_1.0_genomic.gff
    output: results/all_cds.fasta
Shutting down, this might take some time.
Exiting because a job execution failed. Look below for error messages
[Tue Feb 24 20:09:08 2026]
Error in rule extract_cds:
    message: None
    jobid: 4
    input: data/GCF_000721785.1_Aureobasidium_pullulans_var._pullulans_EXF-150_assembly_version_1.0_genomic.fna, data/GCF_000721785.1_Aureobasidium_pullulans_var._pullulans_EXF-150_assembly_version_1.0_genomic.gff
    output: results/all_cds.fasta
Complete log(s): /home/anirudh/codon_optimization/.snakemake/log/2026-02-24T200906.504279.snakemake.log
WorkflowError:
At least one job did not complete successfully.
